Building DAG of jobs...
Using shell: /usr/bin/bash
Provided cores: 1 (use --cores to define parallelism)
Rules claiming more threads will be scaled down.
Conda environments: ignored
Job stats:
job            count    min threads    max threads
-----------  -------  -------------  -------------
all                1              1              1
fastp_pe           5              1              1
fastqc_filt        5              1              1
fastqc_raw         5              1              1
total             16              1              1

Select jobs to execute...

[Fri Feb 10 10:17:35 2023]
rule fastp_pe:
    input: /projects/b1052/mckenna/cando-meta/gaohan/raw_reads/SRR5576005_1.fastq.gz, /projects/b1052/mckenna/cando-meta/gaohan/raw_reads/SRR5576005_2.fastq.gz
    output: results/fastp_out/gao5/gao5.fastp.r1.fastq.gz, results/fastp_out/gao5/gao5.fastp.r2.fastq.gz, results/fastp_out/gao5/gao5_fastp.json, results/fastp_out/gao5/gao5_fastp.html
    jobid: 5
    reason: Missing output files: results/fastp_out/gao5/gao5.fastp.r1.fastq.gz, results/fastp_out/gao5/gao5.fastp.r2.fastq.gz
    wildcards: sample=gao5
    resources: tmpdir=/tmp, mem=20G, mem_mb=20000

