Building DAG of jobs...
Using shell: /usr/bin/bash
Provided cores: 1 (use --cores to define parallelism)
Rules claiming more threads will be scaled down.
Conda environments: ignored
Job stats:
job            count    min threads    max threads
-----------  -------  -------------  -------------
all                1              1              1
fastp_pe           5              1              1
fastqc_filt        5              1              1
fastqc_raw         5              1              1
total             16              1              1

Select jobs to execute...

[Fri Feb 10 10:26:49 2023]
rule fastp_pe:
    input: /projects/b1052/mckenna/cando-meta/gaohan/raw_reads/SRR5576005_1.fastq.gz, /projects/b1052/mckenna/cando-meta/gaohan/raw_reads/SRR5576005_2.fastq.gz
    output: results/fastp_out/gao5/gao5.fastp.r1.fastq.gz, results/fastp_out/gao5/gao5.fastp.r2.fastq.gz, results/fastp_out/gao5/gao5_fastp.json, results/fastp_out/gao5/gao5_fastp.html
    jobid: 5
    reason: Missing output files: results/fastp_out/gao5/gao5.fastp.r2.fastq.gz, results/fastp_out/gao5/gao5.fastp.r1.fastq.gz
    wildcards: sample=gao5
    resources: tmpdir=/tmp, mem=20G, mem_mb=20000

[Fri Feb 10 10:26:49 2023]
Error in rule fastp_pe:
    jobid: 5
    input: /projects/b1052/mckenna/cando-meta/gaohan/raw_reads/SRR5576005_1.fastq.gz, /projects/b1052/mckenna/cando-meta/gaohan/raw_reads/SRR5576005_2.fastq.gz
    output: results/fastp_out/gao5/gao5.fastp.r1.fastq.gz, results/fastp_out/gao5/gao5.fastp.r2.fastq.gz, results/fastp_out/gao5/gao5_fastp.json, results/fastp_out/gao5/gao5_fastp.html
    conda-env: /projects/b1052/mckenna/cando-meta/gaohan/.snakemake/conda/b59844aea8ecc9c8b94aeb09240bb7d3_
    shell:
        
        fastp -i /projects/b1052/mckenna/cando-meta/gaohan/raw_reads/SRR5576005_1.fastq.gz         -I /projects/b1052/mckenna/cando-meta/gaohan/raw_reads/SRR5576005_2.fastq.gz         --out1 results/fastp_out/gao5/gao5.fastp.r1.fastq.gz         --out2 results/fastp_out/gao5/gao5.fastp.r2.fastq.gz         --detect_adapter_for_pe         --dedup         --thread 1         --length_required 50         -j results/fastp_out/gao5/gao5_fastp.json         -h results/fastp_out/gao5/gao5_fastp.html         -V 
        
        (one of the commands exited with non-zero exit code; note that snakemake uses bash strict mode!)

Shutting down, this might take some time.
Exiting because a job execution failed. Look above for error message
Complete log: .snakemake/log/2023-02-10T102649.341123.snakemake.log
