Building DAG of jobs...
Your conda installation is not configured to use strict channel priorities. This is however crucial for having robust and correct environments (for details, see https://conda-forge.org/docs/user/tipsandtricks.html). Please consider to configure strict priorities by executing 'conda config --set channel_priority strict'.
Using shell: /usr/bin/bash
Provided cluster nodes: 10
Job stats:
job              count    min threads    max threads
-------------  -------  -------------  -------------
all                  1              1              1
quast_multiqc        1              1              1
quast_spades         5              1              1
spades               5             25             25
total               12              1             25

Select jobs to execute...

[Tue Feb 14 06:00:37 2023]
rule spades:
    input: results/fastp_out/gao5/gao5.fastp.r1.fastq.gz, results/fastp_out/gao5/gao5.fastp.r2.fastq.gz
    output: results/spades_out/gao5/contigs.fasta, results/spades_out/gao5/scaffolds.fasta
    jobid: 9
    reason: Missing output files: results/spades_out/gao5/scaffolds.fasta
    wildcards: sample=gao5
    threads: 25
    resources: mem_mb=200000, mem_mib=19282, disk_mb=20218, disk_mib=19282, tmpdir=<TBD>, account=p31629, partition=normal, nodes=1, threads=12, mem=200g, time=12:00:00


        module load python/3.8.4
        python /home/mmf8608/programs/spades/SPAdes-3.15.4-Linux/bin/spades.py         -1 results/fastp_out/gao5/gao5.fastp.r1.fastq.gz -2 results/fastp_out/gao5/gao5.fastp.r2.fastq.gz -o results/spades_out/gao5         -t 25 -m 200 --meta
        
Submitted job 9 with external jobid 'Submitted batch job 3314386'.

[Tue Feb 14 06:00:37 2023]
rule spades:
    input: results/fastp_out/gao2/gao2.fastp.r1.fastq.gz, results/fastp_out/gao2/gao2.fastp.r2.fastq.gz
    output: results/spades_out/gao2/contigs.fasta, results/spades_out/gao2/scaffolds.fasta
    jobid: 3
    reason: Missing output files: results/spades_out/gao2/scaffolds.fasta
    wildcards: sample=gao2
    threads: 25
    resources: mem_mb=200000, mem_mib=15076, disk_mb=15808, disk_mib=15076, tmpdir=<TBD>, account=p31629, partition=normal, nodes=1, threads=12, mem=200g, time=12:00:00


        module load python/3.8.4
        python /home/mmf8608/programs/spades/SPAdes-3.15.4-Linux/bin/spades.py         -1 results/fastp_out/gao2/gao2.fastp.r1.fastq.gz -2 results/fastp_out/gao2/gao2.fastp.r2.fastq.gz -o results/spades_out/gao2         -t 25 -m 200 --meta
        
Submitted job 3 with external jobid 'Submitted batch job 3314387'.

[Tue Feb 14 06:00:37 2023]
rule spades:
    input: results/fastp_out/gao4/gao4.fastp.r1.fastq.gz, results/fastp_out/gao4/gao4.fastp.r2.fastq.gz
    output: results/spades_out/gao4/contigs.fasta, results/spades_out/gao4/scaffolds.fasta
    jobid: 7
    reason: Missing output files: results/spades_out/gao4/scaffolds.fasta
    wildcards: sample=gao4
    threads: 25
    resources: mem_mb=200000, mem_mib=20714, disk_mb=21720, disk_mib=20714, tmpdir=<TBD>, account=p31629, partition=normal, nodes=1, threads=12, mem=200g, time=12:00:00


        module load python/3.8.4
        python /home/mmf8608/programs/spades/SPAdes-3.15.4-Linux/bin/spades.py         -1 results/fastp_out/gao4/gao4.fastp.r1.fastq.gz -2 results/fastp_out/gao4/gao4.fastp.r2.fastq.gz -o results/spades_out/gao4         -t 25 -m 200 --meta
        
Submitted job 7 with external jobid 'Submitted batch job 3314388'.

[Tue Feb 14 06:00:37 2023]
rule spades:
    input: results/fastp_out/gao1/gao1.fastp.r1.fastq.gz, results/fastp_out/gao1/gao1.fastp.r2.fastq.gz
    output: results/spades_out/gao1/contigs.fasta, results/spades_out/gao1/scaffolds.fasta
    jobid: 1
    reason: Code has changed since last execution
    wildcards: sample=gao1
    threads: 25
    resources: mem_mb=200000, mem_mib=14401, disk_mb=15100, disk_mib=14401, tmpdir=<TBD>, account=p31629, partition=normal, nodes=1, threads=12, mem=200g, time=12:00:00


        module load python/3.8.4
        python /home/mmf8608/programs/spades/SPAdes-3.15.4-Linux/bin/spades.py         -1 results/fastp_out/gao1/gao1.fastp.r1.fastq.gz -2 results/fastp_out/gao1/gao1.fastp.r2.fastq.gz -o results/spades_out/gao1         -t 25 -m 200 --meta
        
Submitted job 1 with external jobid 'Submitted batch job 3314389'.

[Tue Feb 14 06:00:37 2023]
rule spades:
    input: results/fastp_out/gao3/gao3.fastp.r1.fastq.gz, results/fastp_out/gao3/gao3.fastp.r2.fastq.gz
    output: results/spades_out/gao3/contigs.fasta, results/spades_out/gao3/scaffolds.fasta
    jobid: 5
    reason: Code has changed since last execution
    wildcards: sample=gao3
    threads: 25
    resources: mem_mb=200000, mem_mib=3574, disk_mb=3747, disk_mib=3574, tmpdir=<TBD>, account=p31629, partition=normal, nodes=1, threads=12, mem=200g, time=12:00:00


        module load python/3.8.4
        python /home/mmf8608/programs/spades/SPAdes-3.15.4-Linux/bin/spades.py         -1 results/fastp_out/gao3/gao3.fastp.r1.fastq.gz -2 results/fastp_out/gao3/gao3.fastp.r2.fastq.gz -o results/spades_out/gao3         -t 25 -m 200 --meta
        
Submitted job 5 with external jobid 'Submitted batch job 3314390'.
